<?xml version="1.0" encoding="UTF-8"?>
<testng-results ignored="0" total="1" passed="1" failed="0" skipped="0">
  <reporter-output>
  </reporter-output>
  <suite started-at="2023-05-04T11:46:25 IST" name="Default suite" finished-at="2023-05-04T11:46:33 IST" duration-ms="7469">
    <groups>
    </groups>
    <test started-at="2023-05-04T11:46:25 IST" name="Default test" finished-at="2023-05-04T11:46:33 IST" duration-ms="7469">
      <class name="Git_Jenkins_Demo.DemoIntegration">
        <test-method signature="TestMethod()[pri:0, instance:Git_Jenkins_Demo.DemoIntegration@4b0d79fc]" started-at="2023-05-04T11:46:25 IST" name="TestMethod" finished-at="2023-05-04T11:46:33 IST" duration-ms="7432" status="PASS">
          <reporter-output>
          </reporter-output>
        </test-method> <!-- TestMethod -->
      </class> <!-- Git_Jenkins_Demo.DemoIntegration -->
    </test> <!-- Default test -->
  </suite> <!-- Default suite -->
</testng-results>
